<?xml version="1.0" encoding="UTF-8"?>
<!-- Generated by org.testng.reporters.JUnitReportReporter -->
<testsuite hostname="DESKTOP-KHCUNM5" failures="0" tests="3" name="com.qa.test.AmazonTest.Amazon_test" time="682.462" errors="0" timestamp="2021-08-10T14:15:57 IST" skipped="0">
  <testcase classname="com.qa.test.AmazonTest.Amazon_test" name="searchFirstItem" time="266.913"/>
  <system-out/>
  <testcase classname="com.qa.test.AmazonTest.Amazon_test" name="searchSecondItem" time="194.562"/>
  <system-out/>
  <testcase classname="com.qa.test.AmazonTest.Amazon_test" name="searchThirdItem" time="220.987"/>
  <system-out/>
</testsuite> <!-- com.qa.test.AmazonTest.Amazon_test -->
